{"C:\\Users\\jason\\OneDrive\\Documents\\GitHub\\javascript3\\src\\data.js": {"path":"C:\\Users\\jason\\OneDrive\\Documents\\GitHub\\javascript3\\src\\data.js","statementMap":{"0":{"start":{"line":1,"column":15},"end":{"line":40,"column":1}},"1":{"start":{"line":42,"column":14},"end":{"line":85,"column":1}},"2":{"start":{"line":87,"column":12},"end":{"line":120,"column":1}}},"fnMap":{},"branchMap":{},"s":{"0":1,"1":1,"2":1},"f":{},"b":{},"_coverageSchema":"1a1c01bbd47fc00a2c39e90264f33305004495a9","hash":"27fcac37369d78748a7c446f5e327b64a39446d9"}
,"C:\\Users\\jason\\OneDrive\\Documents\\GitHub\\javascript3\\src\\components\\builder.js": {"path":"C:\\Users\\jason\\OneDrive\\Documents\\GitHub\\javascript3\\src\\components\\builder.js","statementMap":{"0":{"start":{"line":1,"column":16},"end":{"line":44,"column":1}},"1":{"start":{"line":3,"column":4},"end":{"line":3,"column":23}},"2":{"start":{"line":4,"column":4},"end":{"line":4,"column":16}},"3":{"start":{"line":8,"column":4},"end":{"line":8,"column":21}},"4":{"start":{"line":9,"column":4},"end":{"line":9,"column":16}},"5":{"start":{"line":13,"column":4},"end":{"line":13,"column":19}},"6":{"start":{"line":14,"column":4},"end":{"line":14,"column":16}},"7":{"start":{"line":18,"column":4},"end":{"line":18,"column":29}},"8":{"start":{"line":19,"column":4},"end":{"line":19,"column":16}},"9":{"start":{"line":23,"column":4},"end":{"line":23,"column":23}},"10":{"start":{"line":24,"column":4},"end":{"line":24,"column":16}},"11":{"start":{"line":28,"column":4},"end":{"line":28,"column":28}},"12":{"start":{"line":29,"column":4},"end":{"line":29,"column":21}},"13":{"start":{"line":30,"column":4},"end":{"line":30,"column":16}},"14":{"start":{"line":34,"column":4},"end":{"line":34,"column":30}},"15":{"start":{"line":35,"column":4},"end":{"line":35,"column":25}},"16":{"start":{"line":36,"column":4},"end":{"line":36,"column":16}},"17":{"start":{"line":40,"column":4},"end":{"line":40,"column":31}},"18":{"start":{"line":41,"column":4},"end":{"line":41,"column":27}},"19":{"start":{"line":42,"column":4},"end":{"line":42,"column":16}}},"fnMap":{"0":{"name":"(anonymous_0)","decl":{"start":{"line":2,"column":2},"end":{"line":2,"column":3}},"loc":{"start":{"line":2,"column":18},"end":{"line":5,"column":3}},"line":2},"1":{"name":"(anonymous_1)","decl":{"start":{"line":7,"column":2},"end":{"line":7,"column":3}},"loc":{"start":{"line":7,"column":16},"end":{"line":10,"column":3}},"line":7},"2":{"name":"(anonymous_2)","decl":{"start":{"line":12,"column":2},"end":{"line":12,"column":3}},"loc":{"start":{"line":12,"column":14},"end":{"line":15,"column":3}},"line":12},"3":{"name":"(anonymous_3)","decl":{"start":{"line":17,"column":2},"end":{"line":17,"column":3}},"loc":{"start":{"line":17,"column":24},"end":{"line":20,"column":3}},"line":17},"4":{"name":"(anonymous_4)","decl":{"start":{"line":22,"column":2},"end":{"line":22,"column":3}},"loc":{"start":{"line":22,"column":18},"end":{"line":25,"column":3}},"line":22},"5":{"name":"(anonymous_5)","decl":{"start":{"line":27,"column":2},"end":{"line":27,"column":3}},"loc":{"start":{"line":27,"column":17},"end":{"line":31,"column":3}},"line":27},"6":{"name":"(anonymous_6)","decl":{"start":{"line":33,"column":2},"end":{"line":33,"column":3}},"loc":{"start":{"line":33,"column":21},"end":{"line":37,"column":3}},"line":33},"7":{"name":"(anonymous_7)","decl":{"start":{"line":39,"column":2},"end":{"line":39,"column":3}},"loc":{"start":{"line":39,"column":23},"end":{"line":43,"column":3}},"line":39}},"branchMap":{},"s":{"0":1,"1":2,"2":2,"3":2,"4":2,"5":1,"6":1,"7":1,"8":1,"9":1,"10":1,"11":0,"12":0,"13":0,"14":0,"15":0,"16":0,"17":1,"18":1,"19":1},"f":{"0":2,"1":2,"2":1,"3":1,"4":1,"5":0,"6":0,"7":1},"b":{},"_coverageSchema":"1a1c01bbd47fc00a2c39e90264f33305004495a9","hash":"69aec016fef8f04c078f5ad988137b8ca47de7ae"}
,"C:\\Users\\jason\\OneDrive\\Documents\\GitHub\\javascript3\\src\\components\\form.js": {"path":"C:\\Users\\jason\\OneDrive\\Documents\\GitHub\\javascript3\\src\\components\\form.js","statementMap":{"0":{"start":{"line":4,"column":13},"end":{"line":4,"column":15}},"1":{"start":{"line":7,"column":24},"end":{"line":7,"column":57}},"2":{"start":{"line":11,"column":2},"end":{"line":15,"column":3}},"3":{"start":{"line":12,"column":4},"end":{"line":12,"column":16}},"4":{"start":{"line":14,"column":4},"end":{"line":14,"column":33}},"5":{"start":{"line":17,"column":2},"end":{"line":20,"column":17}},"6":{"start":{"line":22,"column":23},"end":{"line":22,"column":54}},"7":{"start":{"line":24,"column":2},"end":{"line":30,"column":3}},"8":{"start":{"line":25,"column":4},"end":{"line":25,"column":67}},"9":{"start":{"line":27,"column":4},"end":{"line":29,"column":30}},"10":{"start":{"line":32,"column":2},"end":{"line":45,"column":3}},"11":{"start":{"line":33,"column":4},"end":{"line":37,"column":5}},"12":{"start":{"line":34,"column":6},"end":{"line":34,"column":36}},"13":{"start":{"line":35,"column":11},"end":{"line":37,"column":5}},"14":{"start":{"line":36,"column":6},"end":{"line":36,"column":36}},"15":{"start":{"line":38,"column":9},"end":{"line":45,"column":3}},"16":{"start":{"line":42,"column":4},"end":{"line":42,"column":39}},"17":{"start":{"line":44,"column":4},"end":{"line":44,"column":39}},"18":{"start":{"line":47,"column":2},"end":{"line":47,"column":34}},"19":{"start":{"line":48,"column":2},"end":{"line":48,"column":32}},"20":{"start":{"line":49,"column":2},"end":{"line":49,"column":40}},"21":{"start":{"line":50,"column":2},"end":{"line":50,"column":30}},"22":{"start":{"line":51,"column":2},"end":{"line":51,"column":34}},"23":{"start":{"line":53,"column":2},"end":{"line":53,"column":23}},"24":{"start":{"line":55,"column":2},"end":{"line":57,"column":3}},"25":{"start":{"line":56,"column":4},"end":{"line":56,"column":39}},"26":{"start":{"line":58,"column":2},"end":{"line":60,"column":3}},"27":{"start":{"line":59,"column":4},"end":{"line":59,"column":40}},"28":{"start":{"line":61,"column":2},"end":{"line":63,"column":3}},"29":{"start":{"line":62,"column":4},"end":{"line":62,"column":43}},"30":{"start":{"line":65,"column":2},"end":{"line":67,"column":3}},"31":{"start":{"line":66,"column":4},"end":{"line":66,"column":34}},"32":{"start":{"line":68,"column":2},"end":{"line":70,"column":3}},"33":{"start":{"line":69,"column":4},"end":{"line":69,"column":38}},"34":{"start":{"line":71,"column":2},"end":{"line":73,"column":3}},"35":{"start":{"line":72,"column":4},"end":{"line":72,"column":40}},"36":{"start":{"line":75,"column":2},"end":{"line":75,"column":14}}},"fnMap":{"0":{"name":"getInfo","decl":{"start":{"line":6,"column":9},"end":{"line":6,"column":16}},"loc":{"start":{"line":6,"column":69},"end":{"line":76,"column":1}},"line":6}},"branchMap":{"0":{"loc":{"start":{"line":11,"column":2},"end":{"line":15,"column":3}},"type":"if","locations":[{"start":{"line":11,"column":2},"end":{"line":15,"column":3}},{"start":{"line":13,"column":9},"end":{"line":15,"column":3}}],"line":11},"1":{"loc":{"start":{"line":19,"column":13},"end":{"line":19,"column":70}},"type":"cond-expr","locations":[{"start":{"line":19,"column":34},"end":{"line":19,"column":50}},{"start":{"line":19,"column":53},"end":{"line":19,"column":70}}],"line":19},"2":{"loc":{"start":{"line":24,"column":2},"end":{"line":30,"column":3}},"type":"if","locations":[{"start":{"line":24,"column":2},"end":{"line":30,"column":3}},{"start":{"line":26,"column":9},"end":{"line":30,"column":3}}],"line":24},"3":{"loc":{"start":{"line":28,"column":15},"end":{"line":28,"column":72}},"type":"cond-expr","locations":[{"start":{"line":28,"column":36},"end":{"line":28,"column":52}},{"start":{"line":28,"column":55},"end":{"line":28,"column":72}}],"line":28},"4":{"loc":{"start":{"line":32,"column":2},"end":{"line":45,"column":3}},"type":"if","locations":[{"start":{"line":32,"column":2},"end":{"line":45,"column":3}},{"start":{"line":38,"column":9},"end":{"line":45,"column":3}}],"line":32},"5":{"loc":{"start":{"line":33,"column":4},"end":{"line":37,"column":5}},"type":"if","locations":[{"start":{"line":33,"column":4},"end":{"line":37,"column":5}},{"start":{"line":35,"column":11},"end":{"line":37,"column":5}}],"line":33},"6":{"loc":{"start":{"line":35,"column":11},"end":{"line":37,"column":5}},"type":"if","locations":[{"start":{"line":35,"column":11},"end":{"line":37,"column":5}},{"start":{},"end":{}}],"line":35},"7":{"loc":{"start":{"line":38,"column":9},"end":{"line":45,"column":3}},"type":"if","locations":[{"start":{"line":38,"column":9},"end":{"line":45,"column":3}},{"start":{"line":43,"column":9},"end":{"line":45,"column":3}}],"line":38},"8":{"loc":{"start":{"line":39,"column":4},"end":{"line":40,"column":36}},"type":"binary-expr","locations":[{"start":{"line":39,"column":5},"end":{"line":39,"column":27}},{"start":{"line":39,"column":31},"end":{"line":39,"column":49}},{"start":{"line":40,"column":4},"end":{"line":40,"column":36}}],"line":39},"9":{"loc":{"start":{"line":55,"column":2},"end":{"line":57,"column":3}},"type":"if","locations":[{"start":{"line":55,"column":2},"end":{"line":57,"column":3}},{"start":{},"end":{}}],"line":55},"10":{"loc":{"start":{"line":58,"column":2},"end":{"line":60,"column":3}},"type":"if","locations":[{"start":{"line":58,"column":2},"end":{"line":60,"column":3}},{"start":{},"end":{}}],"line":58},"11":{"loc":{"start":{"line":61,"column":2},"end":{"line":63,"column":3}},"type":"if","locations":[{"start":{"line":61,"column":2},"end":{"line":63,"column":3}},{"start":{},"end":{}}],"line":61},"12":{"loc":{"start":{"line":65,"column":2},"end":{"line":67,"column":3}},"type":"if","locations":[{"start":{"line":65,"column":2},"end":{"line":67,"column":3}},{"start":{},"end":{}}],"line":65},"13":{"loc":{"start":{"line":68,"column":2},"end":{"line":70,"column":3}},"type":"if","locations":[{"start":{"line":68,"column":2},"end":{"line":70,"column":3}},{"start":{},"end":{}}],"line":68},"14":{"loc":{"start":{"line":71,"column":2},"end":{"line":73,"column":3}},"type":"if","locations":[{"start":{"line":71,"column":2},"end":{"line":73,"column":3}},{"start":{},"end":{}}],"line":71}},"s":{"0":1,"1":1,"2":1,"3":1,"4":0,"5":1,"6":1,"7":1,"8":0,"9":1,"10":1,"11":0,"12":0,"13":0,"14":0,"15":1,"16":0,"17":1,"18":1,"19":1,"20":1,"21":1,"22":1,"23":1,"24":1,"25":0,"26":1,"27":1,"28":1,"29":0,"30":1,"31":0,"32":1,"33":0,"34":1,"35":1,"36":1},"f":{"0":1},"b":{"0":[1,0],"1":[0,1],"2":[0,1],"3":[0,1],"4":[0,1],"5":[0,0],"6":[0,0],"7":[0,1],"8":[1,0,1],"9":[0,1],"10":[1,0],"11":[0,1],"12":[0,1],"13":[0,1],"14":[1,0]},"_coverageSchema":"1a1c01bbd47fc00a2c39e90264f33305004495a9","hash":"455b6e947bbf1145060c9f003241f56457ce34be"}
}
