TN:
SF:src\data.js
FNF:0
FNH:0
DA:1,1
DA:42,1
DA:87,1
LF:3
LH:3
BRF:0
BRH:0
end_of_record
TN:
SF:src\components\builder.js
FN:2,(anonymous_0)
FN:7,(anonymous_1)
FN:12,(anonymous_2)
FN:17,(anonymous_3)
FN:22,(anonymous_4)
FN:27,(anonymous_5)
FN:33,(anonymous_6)
FN:39,(anonymous_7)
FNF:8
FNH:6
FNDA:2,(anonymous_0)
FNDA:2,(anonymous_1)
FNDA:1,(anonymous_2)
FNDA:1,(anonymous_3)
FNDA:1,(anonymous_4)
FNDA:0,(anonymous_5)
FNDA:0,(anonymous_6)
FNDA:1,(anonymous_7)
DA:1,1
DA:3,2
DA:4,2
DA:8,2
DA:9,2
DA:13,1
DA:14,1
DA:18,1
DA:19,1
DA:23,1
DA:24,1
DA:28,0
DA:29,0
DA:30,0
DA:34,0
DA:35,0
DA:36,0
DA:40,1
DA:41,1
DA:42,1
LF:20
LH:14
BRF:0
BRH:0
end_of_record
TN:
SF:src\components\form.js
FN:6,getInfo
FNF:1
FNH:1
FNDA:1,getInfo
DA:4,1
DA:7,1
DA:11,1
DA:12,1
DA:14,0
DA:17,1
DA:22,1
DA:24,1
DA:25,0
DA:27,1
DA:32,1
DA:33,0
DA:34,0
DA:35,0
DA:36,0
DA:38,1
DA:42,0
DA:44,1
DA:47,1
DA:48,1
DA:49,1
DA:50,1
DA:51,1
DA:53,1
DA:55,1
DA:56,0
DA:58,1
DA:59,1
DA:61,1
DA:62,0
DA:65,1
DA:66,0
DA:68,1
DA:69,0
DA:71,1
DA:72,1
DA:75,1
LF:37
LH:26
BRDA:11,0,0,1
BRDA:11,0,1,0
BRDA:19,1,0,0
BRDA:19,1,1,1
BRDA:24,2,0,0
BRDA:24,2,1,1
BRDA:28,3,0,0
BRDA:28,3,1,1
BRDA:32,4,0,0
BRDA:32,4,1,1
BRDA:33,5,0,0
BRDA:33,5,1,0
BRDA:35,6,0,0
BRDA:35,6,1,0
BRDA:38,7,0,0
BRDA:38,7,1,1
BRDA:39,8,0,1
BRDA:39,8,1,0
BRDA:39,8,2,1
BRDA:55,9,0,0
BRDA:55,9,1,1
BRDA:58,10,0,1
BRDA:58,10,1,0
BRDA:61,11,0,0
BRDA:61,11,1,1
BRDA:65,12,0,0
BRDA:65,12,1,1
BRDA:68,13,0,0
BRDA:68,13,1,1
BRDA:71,14,0,1
BRDA:71,14,1,0
BRF:31
BRH:14
end_of_record
